<?xml version="1.0" encoding="UTF-8"?>
<testsuite name="com.jpmorgan.validators.impl.PrefixValidatorTest" tests="5" skipped="0" failures="0" errors="0" timestamp="2023-03-18T05:06:15" hostname="MacBook-Pro-3.local" time="0.01">
  <properties/>
  <testcase name="[1] Te" classname="com.jpmorgan.validators.impl.PrefixValidatorTest" time="0.002"/>
  <testcase name="[2] TeSt" classname="com.jpmorgan.validators.impl.PrefixValidatorTest" time="0.001"/>
  <testcase name="[3] TEST" classname="com.jpmorgan.validators.impl.PrefixValidatorTest" time="0.002"/>
  <testcase name="[4] Hello" classname="com.jpmorgan.validators.impl.PrefixValidatorTest" time="0.001"/>
  <testcase name="[1] Test" classname="com.jpmorgan.validators.impl.PrefixValidatorTest" time="0.001"/>
  <system-out><![CDATA[]]></system-out>
  <system-err><![CDATA[]]></system-err>
</testsuite>
