<?xml version="1.0" encoding="UTF-8"?>
<testsuite name="com.jpmorgan.validators.impl.DateFormatValidatorTest" tests="2" skipped="0" failures="0" errors="0" timestamp="2023-03-18T05:06:15" hostname="MacBook-Pro-3.local" time="0.486">
  <properties/>
  <testcase name="Given valid date format as ddmmyyyy should not throw exception" classname="com.jpmorgan.validators.impl.DateFormatValidatorTest" time="0.48"/>
  <testcase name="Given invalid date format should throw exception" classname="com.jpmorgan.validators.impl.DateFormatValidatorTest" time="0.003"/>
  <system-out><![CDATA[]]></system-out>
  <system-err><![CDATA[]]></system-err>
</testsuite>
